--------------------------------------------------
| Tables.Table  ||  Fabs  ||  Frel  ||  Facc  ||  FRac  |
--------------------------------------------------
|  1,00  ||  3,00  ||  0,11  ||  3,00  ||  0,11  |
--------------------------------------------------
|  2,00  ||  5,00  ||  0,18  ||  8,00  ||  0,29  |
--------------------------------------------------
|  3,00  ||  6,00  ||  0,21  ||  14,00  ||  0,50  |
--------------------------------------------------
|  4,00  ||  3,00  ||  0,11  ||  17,00  ||  0,61  |
--------------------------------------------------
|  5,00  ||  2,00  ||  0,07  ||  19,00  ||  0,68  |
--------------------------------------------------
|  6,00  ||  1,00  ||  0,04  ||  20,00  ||  0,71  |
--------------------------------------------------
|  7,00  ||  1,00  ||  0,04  ||  21,00  ||  0,75  |
--------------------------------------------------
|  8,00  ||  4,00  ||  0,14  ||  25,00  ||  0,89  |
--------------------------------------------------
|  9,00  ||  2,00  ||  0,07  ||  27,00  ||  0,96  |
--------------------------------------------------
|  10,00  ||  1,00  ||  0,04  ||  28,00  ||  1,00  |
--------------------------------------------------
Total samples = 28
Average = 10,454545
Median = 5,000000
